  glad.c
  LoadPlyModel.cpp
D:\file_place\code\opengl\OpenGL_FinalProject-master\code\LoadPlyModel.cpp(7,12): warning C4244: “初始化”: 从“double”转换到“float”，可能丢失数据
  main.cpp
C:\Program Files (x86)\Windows Kits\10\Include\10.0.19041.0\shared\minwindef.h(130,1): warning C4005: “APIENTRY”: 宏重定义
D:\file_place\code\opengl\OpenGL_FinalProject-master\code\Libraries\Include\glad\glad.h(32): message : 参见“APIENTRY”的前一个定义
D:\file_place\code\opengl\OpenGL_FinalProject-master\code\mesh.h(88,1): warning C4267: “参数”: 从“size_t”转换到“GLsizei”，可能丢失数据
D:\file_place\code\opengl\OpenGL_FinalProject-master\code\texture.h(279,33): warning C4305: “初始化”: 从“double”到“float”截断
D:\file_place\code\opengl\OpenGL_FinalProject-master\code\texture.h(317,30): warning C4267: “=”: 从“size_t”转换到“unsigned int”，可能丢失数据
D:\file_place\code\opengl\OpenGL_FinalProject-master\code\texture.h(344,51): warning C4244: “参数”: 从“float”转换到“GLsizei”，可能丢失数据
D:\file_place\code\opengl\OpenGL_FinalProject-master\code\texture.h(346,51): warning C4244: “参数”: 从“float”转换到“GLsizei”，可能丢失数据
D:\file_place\code\opengl\OpenGL_FinalProject-master\code\texture.h(348,51): warning C4244: “参数”: 从“float”转换到“GLsizei”，可能丢失数据
D:\file_place\code\opengl\OpenGL_FinalProject-master\code\main.cpp(59,18): warning C4305: “初始化”: 从“double”到“float”截断
D:\file_place\code\opengl\OpenGL_FinalProject-master\code\main.cpp(80,138): warning C4305: “初始化”: 从“double”到“_Ty”截断
          with
          [
              _Ty=float
          ]
D:\file_place\code\opengl\OpenGL_FinalProject-master\code\main.cpp(81,126): warning C4305: “初始化”: 从“double”到“_Ty”截断
          with
          [
              _Ty=float
          ]
D:\file_place\code\opengl\OpenGL_FinalProject-master\code\main.cpp(85,64): warning C4305: “初始化”: 从“double”到“_Ty”截断
          with
          [
              _Ty=float
          ]
D:\file_place\code\opengl\OpenGL_FinalProject-master\code\main.cpp(122,11): warning C4244: “=”: 从“double”转换到“float”，可能丢失数据
D:\file_place\code\opengl\OpenGL_FinalProject-master\code\main.cpp(123,11): warning C4244: “=”: 从“double”转换到“float”，可能丢失数据
D:\file_place\code\opengl\OpenGL_FinalProject-master\code\main.cpp(127,16): warning C4244: “初始化”: 从“double”转换到“float”，可能丢失数据
D:\file_place\code\opengl\OpenGL_FinalProject-master\code\main.cpp(128,16): warning C4244: “初始化”: 从“double”转换到“float”，可能丢失数据
D:\file_place\code\opengl\OpenGL_FinalProject-master\code\main.cpp(130,10): warning C4244: “=”: 从“double”转换到“float”，可能丢失数据
D:\file_place\code\opengl\OpenGL_FinalProject-master\code\main.cpp(131,10): warning C4244: “=”: 从“double”转换到“float”，可能丢失数据
D:\file_place\code\opengl\OpenGL_FinalProject-master\code\main.cpp(140,28): warning C4244: “参数”: 从“double”转换到“float”，可能丢失数据
D:\file_place\code\opengl\OpenGL_FinalProject-master\code\main.cpp(290,18): warning C4244: “初始化”: 从“double”转换到“float”，可能丢失数据
D:\file_place\code\opengl\OpenGL_FinalProject-master\code\main.cpp(323,19): warning C4244: “参数”: 从“double”转换到“unsigned int”，可能丢失数据
D:\file_place\code\opengl\OpenGL_FinalProject-master\code\main.cpp(330,11): warning C4305: “+=”: 从“double”到“float”截断
D:\file_place\code\opengl\OpenGL_FinalProject-master\code\main.cpp(333,12): warning C4305: “+=”: 从“double”到“float”截断
D:\file_place\code\opengl\OpenGL_FinalProject-master\code\main.cpp(337,15): warning C4244: “初始化”: 从“double”转换到“float”，可能丢失数据
D:\file_place\code\opengl\OpenGL_FinalProject-master\code\main.cpp(339,18): warning C4244: “初始化”: 从“int”转换到“float”，可能丢失数据
D:\file_place\code\opengl\OpenGL_FinalProject-master\code\main.cpp(350,22): warning C4244: “初始化”: 从“double”转换到“float”，可能丢失数据
D:\file_place\code\opengl\OpenGL_FinalProject-master\code\main.cpp(488,20): warning C4305: “+=”: 从“double”到“float”截断
D:\file_place\code\opengl\OpenGL_FinalProject-master\code\main.cpp(642,19): warning C4305: “-=”: 从“double”到“float”截断
D:\file_place\code\opengl\OpenGL_FinalProject-master\code\main.cpp(670,36): warning C4244: “-=”: 从“double”转换到“float”，可能丢失数据
  stb_image_wrap.cpp
  正在生成代码...
main.obj : error LNK2019: 无法解析的外部符号 glfwInit，函数 main 中引用了该符号
main.obj : error LNK2019: 无法解析的外部符号 glfwTerminate，函数 main 中引用了该符号
main.obj : error LNK2019: 无法解析的外部符号 glfwWindowHint，函数 main 中引用了该符号
main.obj : error LNK2019: 无法解析的外部符号 glfwCreateWindow，函数 main 中引用了该符号
main.obj : error LNK2019: 无法解析的外部符号 glfwWindowShouldClose，函数 main 中引用了该符号
main.obj : error LNK2019: 无法解析的外部符号 glfwSetWindowShouldClose，函数 "void __cdecl processInput(struct GLFWwindow *)" (?processInput@@YAXPEAUGLFWwindow@@@Z) 中引用了该符号
main.obj : error LNK2019: 无法解析的外部符号 glfwSetFramebufferSizeCallback，函数 main 中引用了该符号
main.obj : error LNK2019: 无法解析的外部符号 glfwPollEvents，函数 main 中引用了该符号
main.obj : error LNK2019: 无法解析的外部符号 glfwSetInputMode，函数 main 中引用了该符号
main.obj : error LNK2019: 无法解析的外部符号 glfwGetKey，函数 "void __cdecl processInput(struct GLFWwindow *)" (?processInput@@YAXPEAUGLFWwindow@@@Z) 中引用了该符号
main.obj : error LNK2019: 无法解析的外部符号 glfwSetCursorPosCallback，函数 main 中引用了该符号
main.obj : error LNK2019: 无法解析的外部符号 glfwSetScrollCallback，函数 main 中引用了该符号
main.obj : error LNK2019: 无法解析的外部符号 glfwGetTime，函数 main 中引用了该符号
main.obj : error LNK2019: 无法解析的外部符号 glfwMakeContextCurrent，函数 main 中引用了该符号
main.obj : error LNK2019: 无法解析的外部符号 glfwSwapBuffers，函数 main 中引用了该符号
main.obj : error LNK2019: 无法解析的外部符号 glfwGetProcAddress，函数 main 中引用了该符号
main.obj : error LNK2019: 无法解析的外部符号 "__declspec(dllimport) class irrklang::ISoundEngine * __cdecl irrklang::createIrrKlangDevice(enum irrklang::E_SOUND_OUTPUT_DRIVER,int,char const *,char const *)" (__imp_?createIrrKlangDevice@irrklang@@YAPEAVISoundEngine@1@W4E_SOUND_OUTPUT_DRIVER@1@HPEBD1@Z)，函数 "void __cdecl `dynamic initializer for 'SoundEngine''(void)" (??__ESoundEngine@@YAXXZ) 中引用了该符号
.\Libraries\Libs\glfw3.lib : warning LNK4272: 库计算机类型“x86”与目标计算机类型“x64”冲突
.\Libraries\Libs\assimp.lib : warning LNK4272: 库计算机类型“x86”与目标计算机类型“x64”冲突
D:\file_place\code\opengl\OpenGL_FinalProject-master\code\x64\Debug\Project1.exe : fatal error LNK1120: 17 个无法解析的外部命令
